[node] Loaded node config from axl-local/node-config-3.json
[node] Max message size: 16777216 bytes
[node] Max concurrent connections: 128
[node] Connection read timeout: 1m0s
[node] Connection idle timeout: 5m0s
[node] Configured peer: tls://127.0.0.1:9011
[node] Gensyn Node Started!
[node] Our IPv6: 205:4f8b:359d:62a5:ce82:e53d:bd34:eb96
[node] Our Public Key: 06c1d3298a7568c5f46b090b2c51a7e71ae21993ea8238080d03a6ecfea7c40b
Listening on 127.0.0.1:9004
TCP Listener started on port 7000
[node] Connected outbound: 200:99cd:c061:6918:20f0:f842:e5a4:9935@127.0.0.1:9011, source 127.0.0.1:38954
2026/04/30 02:36:06 Connection from peer b3191fcf4b73ef87...
2026/04/30 02:36:06 Connection from peer b3191fcf4b73ef87...
2026/04/30 02:36:06 Connection from peer 406403f8354ad3b0...
2026/04/30 02:36:06 Connection from peer 28f93333edb22bc1...
2026/04/30 02:36:06 Connection from peer b3191fcf4b73ef87...
2026/04/30 02:36:06 Connection from peer 406403f8354ad3b0...
2026/04/30 02:36:06 Connection from peer b3191fcf4b73ef87...
2026/04/30 02:36:06 Connection from peer 87bcf1601131e7a7...
2026/04/30 02:36:06 Connection from peer 28f93333edb22bc1...
2026/04/30 02:36:06 Connection from peer 87bcf1601131e7a7...
2026/04/30 02:36:06 Connection from peer e4189dba071201ef...
2026/04/30 02:36:06 Connection from peer 406403f8354ad3b0...
2026/04/30 02:36:06 Connection from peer 406403f8354ad3b0...
2026/04/30 02:36:06 Connection from peer 87bcf1601131e7a7...
2026/04/30 02:36:06 Connection from peer 28f93333edb22bc1...
2026/04/30 02:36:06 Connection from peer 87bcf1601131e7a7...
2026/04/30 02:36:08 Connection from peer e4189dba071201ef...
2026/04/30 02:36:08 Connection from peer 87bcf1601131e7a7...
2026/04/30 02:36:08 Connection from peer 28f93333edb22bc1...
2026/04/30 02:36:08 Connection from peer 406403f8354ad3b0...
2026/04/30 02:36:08 Connection from peer b3191fcf4b73ef87...
2026/04/30 02:36:08 Connection from peer e4189dba071201ef...
2026/04/30 02:36:08 Connection from peer b3191fcf4b73ef87...
2026/04/30 02:36:08 Connection from peer 28f93333edb22bc1...
2026/04/30 02:36:08 Connection from peer b3191fcf4b73ef87...
2026/04/30 02:36:08 Connection from peer 28f93333edb22bc1...
2026/04/30 02:36:08 Connection from peer 87bcf1601131e7a7...
2026/04/30 02:36:08 Connection from peer 406403f8354ad3b0...
2026/04/30 02:36:08 Connection from peer b3191fcf4b73ef87...
2026/04/30 02:36:08 Connection from peer 28f93333edb22bc1...
2026/04/30 02:36:08 Connection from peer 87bcf1601131e7a7...
2026/04/30 02:36:08 Connection from peer e4189dba071201ef...
2026/04/30 02:36:08 Connection from peer 406403f8354ad3b0...
2026/04/30 02:36:08 Connection from peer b3191fcf4b73ef87...
2026/04/30 02:36:08 Connection from peer 87bcf1601131e7a7...
2026/04/30 02:36:08 Connection from peer 28f93333edb22bc1...
2026/04/30 02:36:08 Connection from peer 28f93333edb22bc1...
2026/04/30 02:36:08 Connection from peer e4189dba071201ef...
2026/04/30 02:36:08 Connection from peer 87bcf1601131e7a7...
2026/04/30 02:36:08 Connection from peer 406403f8354ad3b0...
2026/04/30 02:36:10 Connection from peer e4189dba071201ef...
2026/04/30 02:36:10 Connection from peer 406403f8354ad3b0...
2026/04/30 02:36:10 Connection from peer 87bcf1601131e7a7...
2026/04/30 02:36:10 Connection from peer b3191fcf4b73ef87...
2026/04/30 02:36:10 Connection from peer 28f93333edb22bc1...
2026/04/30 02:36:10 Connection from peer b3191fcf4b73ef87...
2026/04/30 02:36:10 Connection from peer 28f93333edb22bc1...
2026/04/30 02:36:10 Connection from peer b3191fcf4b73ef87...
2026/04/30 02:36:10 Connection from peer e4189dba071201ef...
2026/04/30 02:36:10 Connection from peer 87bcf1601131e7a7...
2026/04/30 02:36:10 Connection from peer b3191fcf4b73ef87...
2026/04/30 02:36:10 Connection from peer 406403f8354ad3b0...
2026/04/30 02:36:10 Connection from peer e4189dba071201ef...
2026/04/30 02:36:10 Connection from peer 87bcf1601131e7a7...
2026/04/30 02:36:10 Connection from peer b3191fcf4b73ef87...
2026/04/30 02:36:10 Connection from peer 406403f8354ad3b0...
2026/04/30 02:36:10 Connection from peer e4189dba071201ef...
2026/04/30 02:36:10 Connection from peer b3191fcf4b73ef87...
2026/04/30 02:36:10 Connection from peer e4189dba071201ef...
2026/04/30 02:36:10 Connection from peer 28f93333edb22bc1...
2026/04/30 02:36:10 Connection from peer 406403f8354ad3b0...
2026/04/30 02:36:10 Connection from peer e4189dba071201ef...
2026/04/30 02:36:10 Connection from peer 87bcf1601131e7a7...
2026/04/30 02:36:12 Connection from peer e4189dba071201ef...
2026/04/30 02:36:12 Connection from peer 87bcf1601131e7a7...
2026/04/30 02:36:12 Connection from peer b3191fcf4b73ef87...
2026/04/30 02:36:12 Connection from peer 406403f8354ad3b0...
2026/04/30 02:36:12 Connection from peer 28f93333edb22bc1...
2026/04/30 02:36:12 Connection from peer e4189dba071201ef...
2026/04/30 02:36:12 Connection from peer b3191fcf4b73ef87...
2026/04/30 02:36:12 Connection from peer 28f93333edb22bc1...
2026/04/30 02:36:12 Connection from peer e4189dba071201ef...
2026/04/30 02:36:12 Connection from peer 87bcf1601131e7a7...
2026/04/30 02:36:12 Connection from peer 406403f8354ad3b0...
2026/04/30 02:36:12 Connection from peer 28f93333edb22bc1...
2026/04/30 02:36:12 Connection from peer b3191fcf4b73ef87...
2026/04/30 02:36:12 Connection from peer e4189dba071201ef...
2026/04/30 02:36:12 Connection from peer 28f93333edb22bc1...
2026/04/30 02:36:12 Connection from peer e4189dba071201ef...
2026/04/30 02:36:12 Connection from peer 87bcf1601131e7a7...
2026/04/30 02:36:12 Connection from peer b3191fcf4b73ef87...
2026/04/30 02:36:12 Connection from peer 406403f8354ad3b0...
2026/04/30 02:36:12 Connection from peer e4189dba071201ef...
2026/04/30 02:36:12 Connection from peer 87bcf1601131e7a7...
2026/04/30 02:36:12 Connection from peer 406403f8354ad3b0...
2026/04/30 02:36:14 Connection from peer e4189dba071201ef...
2026/04/30 02:36:14 Connection from peer b3191fcf4b73ef87...
2026/04/30 02:36:14 Connection from peer 406403f8354ad3b0...
2026/04/30 02:36:14 Connection from peer 87bcf1601131e7a7...
2026/04/30 02:36:14 Connection from peer b3191fcf4b73ef87...
2026/04/30 02:36:14 Connection from peer b3191fcf4b73ef87...
2026/04/30 02:36:14 Connection from peer 406403f8354ad3b0...
2026/04/30 02:36:14 Connection from peer 87bcf1601131e7a7...
2026/04/30 02:36:14 Connection from peer b3191fcf4b73ef87...
2026/04/30 02:36:14 Connection from peer 28f93333edb22bc1...
2026/04/30 02:36:14 Connection from peer 87bcf1601131e7a7...
2026/04/30 02:36:14 Connection from peer 28f93333edb22bc1...
2026/04/30 02:36:14 Connection from peer 28f93333edb22bc1...
2026/04/30 02:36:14 Connection from peer 87bcf1601131e7a7...
2026/04/30 02:36:14 Connection from peer e4189dba071201ef...
2026/04/30 02:36:14 Connection from peer b3191fcf4b73ef87...
2026/04/30 02:36:14 Connection from peer 406403f8354ad3b0...
2026/04/30 02:36:14 Connection from peer 87bcf1601131e7a7...
2026/04/30 02:36:14 Connection from peer e4189dba071201ef...
2026/04/30 02:36:14 Connection from peer 406403f8354ad3b0...
2026/04/30 02:36:14 Connection from peer e4189dba071201ef...
2026/04/30 02:36:14 Connection from peer 28f93333edb22bc1...
2026/04/30 02:36:16 Connection from peer e4189dba071201ef...
2026/04/30 02:36:16 Connection from peer 406403f8354ad3b0...
2026/04/30 02:36:16 Connection from peer 87bcf1601131e7a7...
2026/04/30 02:36:16 Connection from peer b3191fcf4b73ef87...
2026/04/30 02:36:16 Connection from peer e4189dba071201ef...
2026/04/30 02:36:16 Connection from peer 87bcf1601131e7a7...
2026/04/30 02:36:16 Connection from peer 28f93333edb22bc1...
2026/04/30 02:36:16 Connection from peer 28f93333edb22bc1...
2026/04/30 02:36:16 Connection from peer 406403f8354ad3b0...
2026/04/30 02:36:16 Connection from peer b3191fcf4b73ef87...
2026/04/30 02:36:16 Connection from peer b3191fcf4b73ef87...
2026/04/30 02:36:16 Connection from peer e4189dba071201ef...
2026/04/30 02:36:16 Connection from peer 28f93333edb22bc1...
2026/04/30 02:36:16 Connection from peer 406403f8354ad3b0...
2026/04/30 02:36:16 Connection from peer 87bcf1601131e7a7...
2026/04/30 02:36:16 Connection from peer e4189dba071201ef...
2026/04/30 02:36:16 Connection from peer 406403f8354ad3b0...
2026/04/30 02:36:16 Connection from peer b3191fcf4b73ef87...
2026/04/30 02:36:16 Connection from peer 406403f8354ad3b0...
2026/04/30 02:36:16 Connection from peer 28f93333edb22bc1...
2026/04/30 02:36:16 Connection from peer b3191fcf4b73ef87...
2026/04/30 02:36:16 Connection from peer e4189dba071201ef...
2026/04/30 02:36:18 Connection from peer e4189dba071201ef...
2026/04/30 02:36:18 Connection from peer 406403f8354ad3b0...
2026/04/30 02:36:18 Connection from peer b3191fcf4b73ef87...
2026/04/30 02:36:18 Connection from peer 87bcf1601131e7a7...
2026/04/30 02:36:18 Connection from peer b3191fcf4b73ef87...
2026/04/30 02:36:18 Connection from peer 28f93333edb22bc1...
2026/04/30 02:36:18 Connection from peer 28f93333edb22bc1...
2026/04/30 02:36:18 Connection from peer 406403f8354ad3b0...
2026/04/30 02:36:18 Connection from peer b3191fcf4b73ef87...
2026/04/30 02:36:18 Connection from peer 28f93333edb22bc1...
2026/04/30 02:36:18 Connection from peer 406403f8354ad3b0...
2026/04/30 02:36:18 Connection from peer e4189dba071201ef...
2026/04/30 02:36:18 Connection from peer 87bcf1601131e7a7...
2026/04/30 02:36:18 Connection from peer 87bcf1601131e7a7...
2026/04/30 02:36:18 Connection from peer 28f93333edb22bc1...
2026/04/30 02:36:18 Connection from peer b3191fcf4b73ef87...
2026/04/30 02:36:18 Connection from peer 406403f8354ad3b0...
2026/04/30 02:36:18 Connection from peer 87bcf1601131e7a7...
2026/04/30 02:36:18 Connection from peer 28f93333edb22bc1...
2026/04/30 02:36:18 Connection from peer e4189dba071201ef...
2026/04/30 02:36:17 Connection from peer b3191fcf4b73ef87...
2026/04/30 02:36:17 Connection from peer e4189dba071201ef...
2026/04/30 02:36:17 Connection from peer 406403f8354ad3b0...
2026/04/30 02:36:17 Connection from peer 87bcf1601131e7a7...
2026/04/30 02:36:17 Connection from peer b3191fcf4b73ef87...
2026/04/30 02:36:17 Connection from peer e4189dba071201ef...
2026/04/30 02:36:17 Connection from peer e4189dba071201ef...
2026/04/30 02:36:17 Connection from peer 28f93333edb22bc1...
2026/04/30 02:36:17 Connection from peer 28f93333edb22bc1...
2026/04/30 02:36:17 Connection from peer 406403f8354ad3b0...
2026/04/30 02:36:17 Connection from peer 28f93333edb22bc1...
2026/04/30 02:36:17 Connection from peer b3191fcf4b73ef87...
2026/04/30 02:36:17 Connection from peer 406403f8354ad3b0...
2026/04/30 02:36:17 Connection from peer 87bcf1601131e7a7...
2026/04/30 02:36:17 Connection from peer b3191fcf4b73ef87...
2026/04/30 02:36:17 Connection from peer 87bcf1601131e7a7...
2026/04/30 02:36:17 Connection from peer 28f93333edb22bc1...
2026/04/30 02:36:17 Connection from peer e4189dba071201ef...
2026/04/30 02:36:17 Connection from peer 406403f8354ad3b0...
2026/04/30 02:36:17 Connection from peer 87bcf1601131e7a7...
2026/04/30 02:36:17 Connection from peer 406403f8354ad3b0...
2026/04/30 02:36:19 Connection from peer b3191fcf4b73ef87...
2026/04/30 02:36:19 Connection from peer e4189dba071201ef...
2026/04/30 02:36:19 Connection from peer 87bcf1601131e7a7...
2026/04/30 02:36:19 Connection from peer 406403f8354ad3b0...
2026/04/30 02:36:19 Connection from peer b3191fcf4b73ef87...
2026/04/30 02:36:19 Connection from peer 87bcf1601131e7a7...
2026/04/30 02:36:19 Connection from peer e4189dba071201ef...
2026/04/30 02:36:19 Connection from peer b3191fcf4b73ef87...
2026/04/30 02:36:19 Connection from peer 406403f8354ad3b0...
2026/04/30 02:36:19 Connection from peer 28f93333edb22bc1...
2026/04/30 02:36:19 Connection from peer 28f93333edb22bc1...
2026/04/30 02:36:19 Connection from peer 28f93333edb22bc1...
2026/04/30 02:36:19 Connection from peer 406403f8354ad3b0...
2026/04/30 02:36:19 Connection from peer e4189dba071201ef...
2026/04/30 02:36:19 Connection from peer b3191fcf4b73ef87...
2026/04/30 02:36:19 Connection from peer 87bcf1601131e7a7...
2026/04/30 02:36:19 Connection from peer e4189dba071201ef...
2026/04/30 02:36:19 Connection from peer 406403f8354ad3b0...
2026/04/30 02:36:19 Connection from peer b3191fcf4b73ef87...
2026/04/30 02:36:19 Connection from peer 28f93333edb22bc1...
2026/04/30 02:36:19 Connection from peer 406403f8354ad3b0...
2026/04/30 02:36:19 Connection from peer e4189dba071201ef...
2026/04/30 02:36:19 Connection from peer 28f93333edb22bc1...
2026/04/30 02:36:19 Connection from peer 87bcf1601131e7a7...
2026/04/30 02:36:19 Connection from peer 406403f8354ad3b0...
2026/04/30 02:36:21 Connection from peer e4189dba071201ef...
2026/04/30 02:36:21 Connection from peer b3191fcf4b73ef87...
2026/04/30 02:36:21 Connection from peer 87bcf1601131e7a7...
2026/04/30 02:36:21 Connection from peer e4189dba071201ef...
2026/04/30 02:36:21 Connection from peer b3191fcf4b73ef87...
2026/04/30 02:36:21 Connection from peer 406403f8354ad3b0...
2026/04/30 02:36:21 Connection from peer 87bcf1601131e7a7...
2026/04/30 02:36:21 Connection from peer 406403f8354ad3b0...
2026/04/30 02:36:21 Connection from peer e4189dba071201ef...
2026/04/30 02:36:21 Connection from peer b3191fcf4b73ef87...
2026/04/30 02:36:21 Connection from peer 28f93333edb22bc1...
2026/04/30 02:36:21 Connection from peer 28f93333edb22bc1...
2026/04/30 02:36:21 Connection from peer 87bcf1601131e7a7...
2026/04/30 02:36:21 Connection from peer 406403f8354ad3b0...
2026/04/30 02:36:21 Connection from peer e4189dba071201ef...
2026/04/30 02:36:21 Connection from peer 28f93333edb22bc1...
2026/04/30 02:36:21 Connection from peer 28f93333edb22bc1...
2026/04/30 02:36:23 Connection from peer e4189dba071201ef...
2026/04/30 02:36:23 Connection from peer b3191fcf4b73ef87...
2026/04/30 02:36:23 Connection from peer 87bcf1601131e7a7...
2026/04/30 02:36:23 Connection from peer 406403f8354ad3b0...
2026/04/30 02:36:23 Connection from peer e4189dba071201ef...
2026/04/30 02:36:23 Connection from peer b3191fcf4b73ef87...
2026/04/30 02:36:23 Connection from peer 406403f8354ad3b0...
2026/04/30 02:36:23 Connection from peer 28f93333edb22bc1...
2026/04/30 02:36:23 Connection from peer 87bcf1601131e7a7...
2026/04/30 02:36:23 Connection from peer 406403f8354ad3b0...
2026/04/30 02:36:23 Connection from peer e4189dba071201ef...
2026/04/30 02:36:23 Connection from peer 406403f8354ad3b0...
2026/04/30 02:36:23 Connection from peer 28f93333edb22bc1...
2026/04/30 02:36:23 Connection from peer 87bcf1601131e7a7...
2026/04/30 02:36:23 Connection from peer e4189dba071201ef...
2026/04/30 02:36:23 Connection from peer b3191fcf4b73ef87...
2026/04/30 02:36:23 Connection from peer 28f93333edb22bc1...
2026/04/30 02:36:23 Connection from peer 87bcf1601131e7a7...
2026/04/30 02:36:23 Connection from peer e4189dba071201ef...
2026/04/30 02:36:23 Connection from peer 406403f8354ad3b0...
